2019-03-31 15:24:08  [ main:0 ] - [ DEBUG ]  Adding [systemProperties] PropertySource with lowest search precedence
2019-03-31 15:24:08  [ main:4 ] - [ DEBUG ]  Adding [systemEnvironment] PropertySource with lowest search precedence
2019-03-31 15:24:08  [ main:4 ] - [ DEBUG ]  Initialized StandardEnvironment with PropertySources [systemProperties,systemEnvironment]
2019-03-31 15:24:08  [ main:8 ] - [ INFO ]  Refreshing org.springframework.context.support.ClassPathXmlApplicationContext@2aaf7cc2: startup date [Sun Mar 31 15:24:08 CST 2019]; root of context hierarchy
2019-03-31 15:24:08  [ main:41 ] - [ DEBUG ]  Adding [systemProperties] PropertySource with lowest search precedence
2019-03-31 15:24:08  [ main:42 ] - [ DEBUG ]  Adding [systemEnvironment] PropertySource with lowest search precedence
2019-03-31 15:24:08  [ main:42 ] - [ DEBUG ]  Initialized StandardEnvironment with PropertySources [systemProperties,systemEnvironment]
2019-03-31 15:24:08  [ main:50 ] - [ INFO ]  Loading XML bean definitions from class path resource [transaction2.xml]
2019-03-31 15:24:08  [ main:65 ] - [ DEBUG ]  Using JAXP provider [com.sun.org.apache.xerces.internal.jaxp.DocumentBuilderFactoryImpl]
2019-03-31 15:24:08  [ main:92 ] - [ DEBUG ]  Loading schema mappings from [META-INF/spring.schemas]
2019-03-31 15:24:08  [ main:98 ] - [ DEBUG ]  Loaded schema mappings: {http://www.springframework.org/schema/tx/spring-tx-4.3.xsd=org/springframework/transaction/config/spring-tx-4.3.xsd, http://www.springframework.org/schema/tx/spring-tx-2.5.xsd=org/springframework/transaction/config/spring-tx-2.5.xsd, http://www.springframework.org/schema/cache/spring-cache-4.2.xsd=org/springframework/cache/config/spring-cache-4.2.xsd, http://www.springframework.org/schema/aop/spring-aop-4.1.xsd=org/springframework/aop/config/spring-aop-4.1.xsd, http://www.springframework.org/schema/context/spring-context-3.1.xsd=org/springframework/context/config/spring-context-3.1.xsd, http://www.springframework.org/schema/jdbc/spring-jdbc-4.1.xsd=org/springframework/jdbc/config/spring-jdbc-4.1.xsd, http://www.springframework.org/schema/jms/spring-jms-2.5.xsd=org/springframework/jms/config/spring-jms-2.5.xsd, http://www.springframework.org/schema/util/spring-util-3.0.xsd=org/springframework/beans/factory/xml/spring-util-3.0.xsd, http://www.springframework.org/schema/tool/spring-tool.xsd=org/springframework/beans/factory/xml/spring-tool-4.3.xsd, http://www.springframework.org/schema/aop/spring-aop-3.2.xsd=org/springframework/aop/config/spring-aop-3.2.xsd, http://www.springframework.org/schema/lang/spring-lang-4.1.xsd=org/springframework/scripting/config/spring-lang-4.1.xsd, http://www.springframework.org/schema/context/spring-context-4.0.xsd=org/springframework/context/config/spring-context-4.0.xsd, http://www.springframework.org/schema/beans/spring-beans-4.2.xsd=org/springframework/beans/factory/xml/spring-beans-4.2.xsd, http://www.springframework.org/schema/tool/spring-tool-4.1.xsd=org/springframework/beans/factory/xml/spring-tool-4.1.xsd, http://www.springframework.org/schema/lang/spring-lang-3.2.xsd=org/springframework/scripting/config/spring-lang-3.2.xsd, http://www.springframework.org/schema/cache/spring-cache-3.2.xsd=org/springframework/cache/config/spring-cache-3.2.xsd, http://www.springframework.org/schema/jee/spring-jee-4.1.xsd=org/springframework/ejb/config/spring-jee-4.1.xsd, http://www.springframework.org/schema/jms/spring-jms-4.3.xsd=org/springframework/jms/config/spring-jms-4.3.xsd, http://www.springframework.org/schema/jdbc/spring-jdbc-3.1.xsd=org/springframework/jdbc/config/spring-jdbc-3.1.xsd, http://www.springframework.org/schema/task/spring-task-4.2.xsd=org/springframework/scheduling/config/spring-task-4.2.xsd, http://www.springframework.org/schema/util/spring-util-2.0.xsd=org/springframework/beans/factory/xml/spring-util-2.0.xsd, http://www.springframework.org/schema/tool/spring-tool-3.2.xsd=org/springframework/beans/factory/xml/spring-tool-3.2.xsd, http://www.springframework.org/schema/context/spring-context.xsd=org/springframework/context/config/spring-context-4.3.xsd, http://www.springframework.org/schema/tx/spring-tx-4.2.xsd=org/springframework/transaction/config/spring-tx-4.2.xsd, http://www.springframework.org/schema/cache/spring-cache-4.1.xsd=org/springframework/cache/config/spring-cache-4.1.xsd, http://www.springframework.org/schema/aop/spring-aop-4.0.xsd=org/springframework/aop/config/spring-aop-4.0.xsd, http://www.springframework.org/schema/jee/spring-jee-3.2.xsd=org/springframework/ejb/config/spring-jee-3.2.xsd, http://www.springframework.org/schema/context/spring-context-3.0.xsd=org/springframework/context/config/spring-context-3.0.xsd, http://www.springframework.org/schema/jdbc/spring-jdbc-4.0.xsd=org/springframework/jdbc/config/spring-jdbc-4.0.xsd, http://www.springframework.org/schema/util/spring-util-2.5.xsd=org/springframework/beans/factory/xml/spring-util-2.5.xsd, http://www.springframework.org/schema/util/spring-util-4.3.xsd=org/springframework/beans/factory/xml/spring-util-4.3.xsd, http://www.springframework.org/schema/beans/spring-beans-3.2.xsd=org/springframework/beans/factory/xml/spring-beans-3.2.xsd, http://www.springframework.org/schema/aop/spring-aop-3.1.xsd=org/springframework/aop/config/spring-aop-3.1.xsd, http://www.springframework.org/schema/lang/spring-lang-4.0.xsd=org/springframework/scripting/config/spring-lang-4.0.xsd, http://www.springframework.org/schema/beans/spring-beans-4.1.xsd=org/springframework/beans/factory/xml/spring-beans-4.1.xsd, http://www.springframework.org/schema/tool/spring-tool-4.0.xsd=org/springframework/beans/factory/xml/spring-tool-4.0.xsd, http://www.springframework.org/schema/tx/spring-tx-3.2.xsd=org/springframework/transaction/config/spring-tx-3.2.xsd, http://www.springframework.org/schema/lang/spring-lang-3.1.xsd=org/springframework/scripting/config/spring-lang-3.1.xsd, http://www.springframework.org/schema/cache/spring-cache-3.1.xsd=org/springframework/cache/config/spring-cache-3.1.xsd, http://www.springframework.org/schema/jee/spring-jee-4.0.xsd=org/springframework/ejb/config/spring-jee-4.0.xsd, http://www.springframework.org/schema/jms/spring-jms-4.2.xsd=org/springframework/jms/config/spring-jms-4.2.xsd, http://www.springframework.org/schema/jdbc/spring-jdbc-3.0.xsd=org/springframework/jdbc/config/spring-jdbc-3.0.xsd, http://www.springframework.org/schema/task/spring-task-4.1.xsd=org/springframework/scheduling/config/spring-task-4.1.xsd, http://www.springframework.org/schema/jdbc/spring-jdbc.xsd=org/springframework/jdbc/config/spring-jdbc-4.3.xsd, http://www.springframework.org/schema/tool/spring-tool-3.1.xsd=org/springframework/beans/factory/xml/spring-tool-3.1.xsd, http://www.springframework.org/schema/tx/spring-tx-4.1.xsd=org/springframework/transaction/config/spring-tx-4.1.xsd, http://www.springframework.org/schema/cache/spring-cache-4.0.xsd=org/springframework/cache/config/spring-cache-4.0.xsd, http://www.springframework.org/schema/jee/spring-jee-3.1.xsd=org/springframework/ejb/config/spring-jee-3.1.xsd, http://www.springframework.org/schema/task/spring-task-3.2.xsd=org/springframework/scheduling/config/spring-task-3.2.xsd, http://www.springframework.org/schema/util/spring-util-4.2.xsd=org/springframework/beans/factory/xml/spring-util-4.2.xsd, http://www.springframework.org/schema/beans/spring-beans-3.1.xsd=org/springframework/beans/factory/xml/spring-beans-3.1.xsd, http://www.springframework.org/schema/util/spring-util.xsd=org/springframework/beans/factory/xml/spring-util-4.3.xsd, http://www.springframework.org/schema/aop/spring-aop-3.0.xsd=org/springframework/aop/config/spring-aop-3.0.xsd, http://www.springframework.org/schema/jms/spring-jms-3.2.xsd=org/springframework/jms/config/spring-jms-3.2.xsd, http://www.springframework.org/schema/beans/spring-beans-4.0.xsd=org/springframework/beans/factory/xml/spring-beans-4.0.xsd, http://www.springframework.org/schema/beans/spring-beans.xsd=org/springframework/beans/factory/xml/spring-beans-4.3.xsd, http://www.springframework.org/schema/tx/spring-tx-3.1.xsd=org/springframework/transaction/config/spring-tx-3.1.xsd, http://www.springframework.org/schema/lang/spring-lang-3.0.xsd=org/springframework/scripting/config/spring-lang-3.0.xsd, http://www.springframework.org/schema/context/spring-context-2.5.xsd=org/springframework/context/config/spring-context-2.5.xsd, http://www.springframework.org/schema/context/spring-context-4.3.xsd=org/springframework/context/config/spring-context-4.3.xsd, http://www.springframework.org/schema/jms/spring-jms-4.1.xsd=org/springframework/jms/config/spring-jms-4.1.xsd, http://www.springframework.org/schema/task/spring-task-4.0.xsd=org/springframework/scheduling/config/spring-task-4.0.xsd, http://www.springframework.org/schema/tool/spring-tool-3.0.xsd=org/springframework/beans/factory/xml/spring-tool-3.0.xsd, http://www.springframework.org/schema/tx/spring-tx-4.0.xsd=org/springframework/transaction/config/spring-tx-4.0.xsd, http://www.springframework.org/schema/aop/spring-aop-2.0.xsd=org/springframework/aop/config/spring-aop-2.0.xsd, http://www.springframework.org/schema/jee/spring-jee-3.0.xsd=org/springframework/ejb/config/spring-jee-3.0.xsd, http://www.springframework.org/schema/task/spring-task-3.1.xsd=org/springframework/scheduling/config/spring-task-3.1.xsd, http://www.springframework.org/schema/util/spring-util-4.1.xsd=org/springframework/beans/factory/xml/spring-util-4.1.xsd, http://www.springframework.org/schema/beans/spring-beans-3.0.xsd=org/springframework/beans/factory/xml/spring-beans-3.0.xsd, http://www.springframework.org/schema/jee/spring-jee.xsd=org/springframework/ejb/config/spring-jee-4.3.xsd, http://www.springframework.org/schema/aop/spring-aop-2.5.xsd=org/springframework/aop/config/spring-aop-2.5.xsd, http://www.springframework.org/schema/jms/spring-jms.xsd=org/springframework/jms/config/spring-jms-4.3.xsd, http://www.springframework.org/schema/aop/spring-aop-4.3.xsd=org/springframework/aop/config/spring-aop-4.3.xsd, http://www.springframework.org/schema/lang/spring-lang-2.0.xsd=org/springframework/scripting/config/spring-lang-2.0.xsd, http://www.springframework.org/schema/jdbc/spring-jdbc-4.3.xsd=org/springframework/jdbc/config/spring-jdbc-4.3.xsd, http://www.springframework.org/schema/jms/spring-jms-3.1.xsd=org/springframework/jms/config/spring-jms-3.1.xsd, http://www.springframework.org/schema/util/spring-util-3.2.xsd=org/springframework/beans/factory/xml/spring-util-3.2.xsd, http://www.springframework.org/schema/task/spring-task.xsd=org/springframework/scheduling/config/spring-task-4.3.xsd, http://www.springframework.org/schema/tool/spring-tool-2.0.xsd=org/springframework/beans/factory/xml/spring-tool-2.0.xsd, http://www.springframework.org/schema/tx/spring-tx-3.0.xsd=org/springframework/transaction/config/spring-tx-3.0.xsd, http://www.springframework.org/schema/lang/spring-lang-4.3.xsd=org/springframework/scripting/config/spring-lang-4.3.xsd, http://www.springframework.org/schema/lang/spring-lang-2.5.xsd=org/springframework/scripting/config/spring-lang-2.5.xsd, http://www.springframework.org/schema/context/spring-context-4.2.xsd=org/springframework/context/config/spring-context-4.2.xsd, http://www.springframework.org/schema/jee/spring-jee-2.0.xsd=org/springframework/ejb/config/spring-jee-2.0.xsd, http://www.springframework.org/schema/jms/spring-jms-4.0.xsd=org/springframework/jms/config/spring-jms-4.0.xsd, http://www.springframework.org/schema/tool/spring-tool-4.3.xsd=org/springframework/beans/factory/xml/spring-tool-4.3.xsd, http://www.springframework.org/schema/tool/spring-tool-2.5.xsd=org/springframework/beans/factory/xml/spring-tool-2.5.xsd, http://www.springframework.org/schema/jee/spring-jee-4.3.xsd=org/springframework/ejb/config/spring-jee-4.3.xsd, http://www.springframework.org/schema/jee/spring-jee-2.5.xsd=org/springframework/ejb/config/spring-jee-2.5.xsd, http://www.springframework.org/schema/task/spring-task-3.0.xsd=org/springframework/scheduling/config/spring-task-3.0.xsd, http://www.springframework.org/schema/util/spring-util-4.0.xsd=org/springframework/beans/factory/xml/spring-util-4.0.xsd, http://www.springframework.org/schema/cache/spring-cache-4.3.xsd=org/springframework/cache/config/spring-cache-4.3.xsd, http://www.springframework.org/schema/aop/spring-aop-4.2.xsd=org/springframework/aop/config/spring-aop-4.2.xsd, http://www.springframework.org/schema/lang/spring-lang.xsd=org/springframework/scripting/config/spring-lang-4.3.xsd, http://www.springframework.org/schema/context/spring-context-3.2.xsd=org/springframework/context/config/spring-context-3.2.xsd, http://www.springframework.org/schema/jdbc/spring-jdbc-4.2.xsd=org/springframework/jdbc/config/spring-jdbc-4.2.xsd, http://www.springframework.org/schema/jms/spring-jms-3.0.xsd=org/springframework/jms/config/spring-jms-3.0.xsd, http://www.springframework.org/schema/util/spring-util-3.1.xsd=org/springframework/beans/factory/xml/spring-util-3.1.xsd, http://www.springframework.org/schema/beans/spring-beans-2.0.xsd=org/springframework/beans/factory/xml/spring-beans-2.0.xsd, http://www.springframework.org/schema/cache/spring-cache.xsd=org/springframework/cache/config/spring-cache-4.3.xsd, http://www.springframework.org/schema/tx/spring-tx.xsd=org/springframework/transaction/config/spring-tx-4.3.xsd, http://www.springframework.org/schema/lang/spring-lang-4.2.xsd=org/springframework/scripting/config/spring-lang-4.2.xsd, http://www.springframework.org/schema/context/spring-context-4.1.xsd=org/springframework/context/config/spring-context-4.1.xsd, http://www.springframework.org/schema/beans/spring-beans-2.5.xsd=org/springframework/beans/factory/xml/spring-beans-2.5.xsd, http://www.springframework.org/schema/beans/spring-beans-4.3.xsd=org/springframework/beans/factory/xml/spring-beans-4.3.xsd, http://www.springframework.org/schema/tool/spring-tool-4.2.xsd=org/springframework/beans/factory/xml/spring-tool-4.2.xsd, http://www.springframework.org/schema/tx/spring-tx-2.0.xsd=org/springframework/transaction/config/spring-tx-2.0.xsd, http://www.alibaba.com/schema/stat.xsd=META-INF/stat.xsd, http://www.springframework.org/schema/jee/spring-jee-4.2.xsd=org/springframework/ejb/config/spring-jee-4.2.xsd, http://www.springframework.org/schema/jdbc/spring-jdbc-3.2.xsd=org/springframework/jdbc/config/spring-jdbc-3.2.xsd, http://www.springframework.org/schema/task/spring-task-4.3.xsd=org/springframework/scheduling/config/spring-task-4.3.xsd, http://www.springframework.org/schema/aop/spring-aop.xsd=org/springframework/aop/config/spring-aop-4.3.xsd}
2019-03-31 15:24:08  [ main:99 ] - [ DEBUG ]  Found XML schema [http://www.springframework.org/schema/beans/spring-beans.xsd] in classpath: org/springframework/beans/factory/xml/spring-beans-4.3.xsd
2019-03-31 15:24:08  [ main:145 ] - [ DEBUG ]  Found XML schema [http://www.springframework.org/schema/context/spring-context.xsd] in classpath: org/springframework/context/config/spring-context-4.3.xsd
2019-03-31 15:24:08  [ main:151 ] - [ DEBUG ]  Found XML schema [http://www.springframework.org/schema/tool/spring-tool-4.3.xsd] in classpath: org/springframework/beans/factory/xml/spring-tool-4.3.xsd
2019-03-31 15:24:08  [ main:161 ] - [ DEBUG ]  Loading bean definitions
2019-03-31 15:24:08  [ main:169 ] - [ DEBUG ]  Loaded NamespaceHandler mappings: {http://www.springframework.org/schema/p=org.springframework.beans.factory.xml.SimplePropertyNamespaceHandler, http://www.springframework.org/schema/util=org.springframework.beans.factory.xml.UtilNamespaceHandler, http://www.alibaba.com/schema/stat=com.alibaba.druid.support.spring.stat.config.DruidStatNamespaceHandler, http://www.springframework.org/schema/jee=org.springframework.ejb.config.JeeNamespaceHandler, http://www.springframework.org/schema/aop=org.springframework.aop.config.AopNamespaceHandler, http://www.springframework.org/schema/jdbc=org.springframework.jdbc.config.JdbcNamespaceHandler, http://www.springframework.org/schema/cache=org.springframework.cache.config.CacheNamespaceHandler, http://www.springframework.org/schema/c=org.springframework.beans.factory.xml.SimpleConstructorNamespaceHandler, http://www.springframework.org/schema/tx=org.springframework.transaction.config.TxNamespaceHandler, http://www.springframework.org/schema/task=org.springframework.scheduling.config.TaskNamespaceHandler, http://www.springframework.org/schema/jms=org.springframework.jms.config.JmsNamespaceHandler, http://www.springframework.org/schema/lang=org.springframework.scripting.config.LangNamespaceHandler, http://www.springframework.org/schema/context=org.springframework.context.config.ContextNamespaceHandler}
2019-03-31 15:24:08  [ main:191 ] - [ DEBUG ]  Loaded 6 bean definitions from location pattern [transaction2.xml]
2019-03-31 15:24:08  [ main:191 ] - [ DEBUG ]  Bean factory for org.springframework.context.support.ClassPathXmlApplicationContext@2aaf7cc2: org.springframework.beans.factory.support.DefaultListableBeanFactory@4b4523f8: defining beans [org.springframework.context.support.PropertySourcesPlaceholderConfigurer#0,dataSource,iAccountService,iAccountDao,manager,transferProxyFactoryBean]; root of factory hierarchy
2019-03-31 15:24:08  [ main:248 ] - [ DEBUG ]  Creating shared instance of singleton bean 'org.springframework.context.support.PropertySourcesPlaceholderConfigurer#0'
2019-03-31 15:24:08  [ main:249 ] - [ DEBUG ]  Creating instance of bean 'org.springframework.context.support.PropertySourcesPlaceholderConfigurer#0'
2019-03-31 15:24:08  [ main:260 ] - [ DEBUG ]  Eagerly caching bean 'org.springframework.context.support.PropertySourcesPlaceholderConfigurer#0' to allow for resolving potential circular references
2019-03-31 15:24:08  [ main:284 ] - [ DEBUG ]  Finished creating instance of bean 'org.springframework.context.support.PropertySourcesPlaceholderConfigurer#0'
2019-03-31 15:24:08  [ main:285 ] - [ DEBUG ]  Adding [environmentProperties] PropertySource with lowest search precedence
2019-03-31 15:24:08  [ main:285 ] - [ DEBUG ]  Loading properties file from class path resource [db.properties]
2019-03-31 15:24:08  [ main:287 ] - [ DEBUG ]  Adding [localProperties] PropertySource with lowest search precedence
2019-03-31 15:24:08  [ main:290 ] - [ DEBUG ]  Unable to locate MessageSource with name 'messageSource': using default [org.springframework.context.support.DelegatingMessageSource@103f852]
2019-03-31 15:24:08  [ main:292 ] - [ DEBUG ]  Unable to locate ApplicationEventMulticaster with name 'applicationEventMulticaster': using default [org.springframework.context.event.SimpleApplicationEventMulticaster@44a3ec6b]
2019-03-31 15:24:08  [ main:293 ] - [ DEBUG ]  Pre-instantiating singletons in org.springframework.beans.factory.support.DefaultListableBeanFactory@4b4523f8: defining beans [org.springframework.context.support.PropertySourcesPlaceholderConfigurer#0,dataSource,iAccountService,iAccountDao,manager,transferProxyFactoryBean]; root of factory hierarchy
2019-03-31 15:24:08  [ main:293 ] - [ DEBUG ]  Returning cached instance of singleton bean 'org.springframework.context.support.PropertySourcesPlaceholderConfigurer#0'
2019-03-31 15:24:08  [ main:294 ] - [ DEBUG ]  Creating shared instance of singleton bean 'dataSource'
2019-03-31 15:24:08  [ main:294 ] - [ DEBUG ]  Creating instance of bean 'dataSource'
2019-03-31 15:24:08  [ main:309 ] - [ DEBUG ]  Eagerly caching bean 'dataSource' to allow for resolving potential circular references
2019-03-31 15:24:09  [ main:383 ] - [ DEBUG ]  Invoking init method  'init' on bean with name 'dataSource'
2019-03-31 15:24:09  [ main:552 ] - [ INFO ]  {dataSource-1} inited
2019-03-31 15:24:09  [ main:552 ] - [ DEBUG ]  Finished creating instance of bean 'dataSource'
2019-03-31 15:24:09  [ main:552 ] - [ DEBUG ]  Creating shared instance of singleton bean 'iAccountService'
2019-03-31 15:24:09  [ main:553 ] - [ DEBUG ]  Creating instance of bean 'iAccountService'
2019-03-31 15:24:09  [ main:553 ] - [ DEBUG ]  Eagerly caching bean 'iAccountService' to allow for resolving potential circular references
2019-03-31 15:24:09  [ main:553 ] - [ DEBUG ]  Creating shared instance of singleton bean 'iAccountDao'
2019-03-31 15:24:09  [ main:553 ] - [ DEBUG ]  Creating instance of bean 'iAccountDao'
2019-03-31 15:24:09  [ main:554 ] - [ DEBUG ]  Eagerly caching bean 'iAccountDao' to allow for resolving potential circular references
2019-03-31 15:24:09  [ main:554 ] - [ DEBUG ]  Returning cached instance of singleton bean 'dataSource'
2019-03-31 15:24:09  [ main:571 ] - [ DEBUG ]  Invoking afterPropertiesSet() on bean with name 'iAccountDao'
2019-03-31 15:24:09  [ main:578 ] - [ DEBUG ]  Finished creating instance of bean 'iAccountDao'
2019-03-31 15:24:09  [ main:581 ] - [ DEBUG ]  Finished creating instance of bean 'iAccountService'
2019-03-31 15:24:09  [ main:584 ] - [ DEBUG ]  Returning cached instance of singleton bean 'iAccountDao'
2019-03-31 15:24:09  [ main:584 ] - [ DEBUG ]  Creating shared instance of singleton bean 'manager'
2019-03-31 15:24:09  [ main:584 ] - [ DEBUG ]  Creating instance of bean 'manager'
2019-03-31 15:24:09  [ main:586 ] - [ DEBUG ]  Returning cached instance of singleton bean 'dataSource'
2019-03-31 15:24:09  [ main:603 ] - [ DEBUG ]  Eagerly caching bean 'manager' to allow for resolving potential circular references
2019-03-31 15:24:09  [ main:603 ] - [ DEBUG ]  Invoking afterPropertiesSet() on bean with name 'manager'
2019-03-31 15:24:09  [ main:604 ] - [ DEBUG ]  Finished creating instance of bean 'manager'
2019-03-31 15:24:09  [ main:604 ] - [ DEBUG ]  Creating shared instance of singleton bean 'transferProxyFactoryBean'
2019-03-31 15:24:09  [ main:604 ] - [ DEBUG ]  Creating instance of bean 'transferProxyFactoryBean'
2019-03-31 15:24:09  [ main:609 ] - [ DEBUG ]  Eagerly caching bean 'transferProxyFactoryBean' to allow for resolving potential circular references
2019-03-31 15:24:09  [ main:648 ] - [ DEBUG ]  Returning cached instance of singleton bean 'iAccountService'
2019-03-31 15:24:09  [ main:648 ] - [ DEBUG ]  Returning cached instance of singleton bean 'manager'
2019-03-31 15:24:09  [ main:655 ] - [ DEBUG ]  Adding transactional method [transfer] with attribute [PROPAGATION_REQUIRED,ISOLATION_DEFAULT,+java.lang.ArithmeticException]
2019-03-31 15:24:09  [ main:656 ] - [ DEBUG ]  Invoking afterPropertiesSet() on bean with name 'transferProxyFactoryBean'
2019-03-31 15:24:09  [ main:664 ] - [ DEBUG ]  Creating JDK dynamic proxy: target source is SingletonTargetSource for target object [com.xkc.learn.transaction.service.IAccountServiceImpl2@659a969b]
2019-03-31 15:24:09  [ main:672 ] - [ DEBUG ]  Finished creating instance of bean 'transferProxyFactoryBean'
2019-03-31 15:24:09  [ main:673 ] - [ DEBUG ]  Unable to locate LifecycleProcessor with name 'lifecycleProcessor': using default [org.springframework.context.support.DefaultLifecycleProcessor@3c130745]
2019-03-31 15:24:09  [ main:674 ] - [ DEBUG ]  Returning cached instance of singleton bean 'lifecycleProcessor'
2019-03-31 15:24:09  [ main:677 ] - [ DEBUG ]  Could not find key 'spring.liveBeansView.mbeanDomain' in any property source
2019-03-31 15:24:09  [ main:683 ] - [ DEBUG ]  Returning cached instance of singleton bean 'transferProxyFactoryBean'
2019-03-31 15:24:09  [ main:689 ] - [ DEBUG ]  Creating new transaction with name [com.xkc.learn.transaction.service.IAccountServiceImpl2.transfer]: PROPAGATION_REQUIRED,ISOLATION_DEFAULT,+java.lang.ArithmeticException
2019-03-31 15:24:09  [ main:1006 ] - [ DEBUG ]  Acquired Connection [com.mysql.jdbc.JDBC4Connection@31c88ec8] for JDBC transaction
2019-03-31 15:24:09  [ main:1009 ] - [ DEBUG ]  Switching JDBC Connection [com.mysql.jdbc.JDBC4Connection@31c88ec8] to manual commit
2019-03-31 15:24:09  [ main:1012 ] - [ DEBUG ]  Executing prepared SQL update
2019-03-31 15:24:09  [ main:1012 ] - [ DEBUG ]  Executing prepared SQL statement [UPDATE account SET balance = balance - ? WHERE name = ?]
2019-03-31 15:24:09  [ main:1026 ] - [ DEBUG ]  SQL update affected 1 rows
2019-03-31 15:24:09  [ main:1034 ] - [ DEBUG ]  Executing prepared SQL update
2019-03-31 15:24:09  [ main:1034 ] - [ DEBUG ]  Executing prepared SQL statement [UPDATE account SET balance = balance + ? WHERE name = ?]
2019-03-31 15:24:09  [ main:1035 ] - [ DEBUG ]  SQL update affected 1 rows
2019-03-31 15:24:09  [ main:1036 ] - [ DEBUG ]  Initiating transaction commit
2019-03-31 15:24:09  [ main:1036 ] - [ DEBUG ]  Committing JDBC transaction on Connection [com.mysql.jdbc.JDBC4Connection@31c88ec8]
2019-03-31 15:24:09  [ main:1045 ] - [ DEBUG ]  Releasing JDBC Connection [com.mysql.jdbc.JDBC4Connection@31c88ec8] after transaction
2019-03-31 15:24:09  [ main:1046 ] - [ DEBUG ]  Returning JDBC Connection to DataSource
2019-03-31 15:25:27  [ main:0 ] - [ INFO ]  Refreshing org.springframework.context.support.ClassPathXmlApplicationContext@2aaf7cc2: startup date [Sun Mar 31 15:25:27 CST 2019]; root of context hierarchy
2019-03-31 15:25:27  [ main:43 ] - [ INFO ]  Loading XML bean definitions from class path resource [transaction2.xml]
2019-03-31 15:25:28  [ main:499 ] - [ INFO ]  {dataSource-1} inited
2019-03-31 15:56:30  [ main:0 ] - [ INFO ]  Refreshing org.springframework.context.support.ClassPathXmlApplicationContext@2aaf7cc2: startup date [Sun Mar 31 15:56:30 CST 2019]; root of context hierarchy
2019-03-31 15:56:30  [ main:43 ] - [ INFO ]  Loading XML bean definitions from class path resource [transaction3.xml]
2019-03-31 15:56:30  [ main:477 ] - [ INFO ]  {dataSource-1} inited
2019-03-31 15:57:16  [ main:0 ] - [ INFO ]  Refreshing org.springframework.context.support.ClassPathXmlApplicationContext@2aaf7cc2: startup date [Sun Mar 31 15:57:16 CST 2019]; root of context hierarchy
2019-03-31 15:57:16  [ main:66 ] - [ INFO ]  Loading XML bean definitions from class path resource [transaction3.xml]
2019-03-31 15:57:16  [ main:516 ] - [ INFO ]  {dataSource-1} inited
